TN:
SF:/Users/dmcnelis/Development/wizehive/post-rpc/lib/PostRPC.Client.js
FN:1,webpackUniversalModuleDefinition
FN:10,(anonymous_2)
FN:11,(anonymous_3)
FN:16,__webpack_require__
FN:55,(anonymous_5)
FN:63,(anonymous_6)
FN:63,defineProperties
FN:63,(anonymous_8)
FN:65,_classCallCheck
FN:113,(anonymous_10)
FN:120,PostRPCClient
FN:135,init
FN:144,(anonymous_13)
FN:147,(anonymous_14)
FN:162,postMessage
FN:181,subscribe
FN:196,unsubscribe
FN:207,nextID
FN:218,start
FN:221,(anonymous_20)
FN:233,stop
FN:236,(anonymous_22)
FN:248,request
FN:264,timeoutResponse
FN:283,internalErrorResponse
FN:306,call
FN:317,(anonymous_27)
FN:346,timeoutHandler
FN:369,messageHandler
FN:436,logging
FN:449,log
FN:476,logGroup
FN:492,get
FN:503,get
FN:514,get
FN:525,get
FN:538,(anonymous_37)
FN:540,(anonymous_38)
FN:545,UMD
FN:549,$AMD$
FN:550,DEF
FN:557,timer
FN:564,builtInProp
FN:573,builtInProp
FN:580,Queue
FN:583,Item
FN:590,add
FN:601,drain
FN:613,schedule
FN:621,isThenable
FN:634,notify
FN:648,notifyIsolated
FN:678,resolve
FN:693,(anonymous_54)
FN:697,$resolve$
FN:698,$reject$
FN:719,reject
FN:739,iteratePromises
FN:741,IIFE
FN:744,$resolver$
FN:753,MakeDefWrapper
FN:758,MakeDef
FN:766,Promise
FN:781,then
FN:789,extractChain
FN:805,$catch$
FN:812,publicResolve
FN:815,publicReject
FN:837,Promise$resolve
FN:846,executor
FN:855,Promise$reject
FN:856,executor
FN:865,Promise$all
FN:876,executor
FN:883,resolver
FN:892,Promise$race
FN:900,executor
FN:905,resolver
FN:914,(anonymous_79)
FN:918,(anonymous_80)
FN:924,(anonymous_81)
FN:927,(anonymous_82)
FN:931,(anonymous_83)
FN:937,Timeout
FN:941,(anonymous_85)
FN:942,(anonymous_86)
FN:947,(anonymous_87)
FN:952,(anonymous_88)
FN:957,(anonymous_89)
FN:962,onTimeout
FN:977,(anonymous_91)
FN:979,(anonymous_92)
FN:979,(anonymous_93)
FN:992,setImmediate
FN:1009,clearImmediate
FN:1013,run
FN:1035,runIfPresent
FN:1056,installNextTickImplementation
FN:1057,(anonymous_99)
FN:1058,(anonymous_100)
FN:1062,canUsePostMessage
FN:1068,(anonymous_102)
FN:1077,installPostMessageImplementation
FN:1083,(anonymous_104)
FN:1097,(anonymous_105)
FN:1102,installMessageChannelImplementation
FN:1104,(anonymous_107)
FN:1109,(anonymous_108)
FN:1114,installReadyStateChangeImplementation
FN:1116,(anonymous_110)
FN:1120,(anonymous_111)
FN:1130,installSetTimeoutImplementation
FN:1131,(anonymous_113)
FN:1166,(anonymous_114)
FN:1170,(anonymous_115)
FN:1183,defaultSetTimout
FN:1186,defaultClearTimeout
FN:1189,(anonymous_118)
FN:1209,runTimeout
FN:1234,runClearTimeout
FN:1266,cleanUpNextTick
FN:1281,drainQueue
FN:1305,(anonymous_123)
FN:1319,Item
FN:1323,(anonymous_125)
FN:1333,noop
FN:1343,(anonymous_127)
FN:1347,(anonymous_128)
FN:1348,(anonymous_129)
FN:1351,(anonymous_130)
FNF:130
FNH:31
FNDA:1,webpackUniversalModuleDefinition
FNDA:1,(anonymous_2)
FNDA:1,(anonymous_3)
FNDA:5,__webpack_require__
FNDA:1,(anonymous_5)
FNDA:1,(anonymous_6)
FNDA:1,defineProperties
FNDA:1,(anonymous_8)
FNDA:2,_classCallCheck
FNDA:1,(anonymous_10)
FNDA:2,PostRPCClient
FNDA:2,init
FNDA:0,(anonymous_13)
FNDA:0,(anonymous_14)
FNDA:0,postMessage
FNDA:0,subscribe
FNDA:0,unsubscribe
FNDA:0,nextID
FNDA:0,start
FNDA:0,(anonymous_20)
FNDA:0,stop
FNDA:0,(anonymous_22)
FNDA:0,request
FNDA:0,timeoutResponse
FNDA:0,internalErrorResponse
FNDA:0,call
FNDA:0,(anonymous_27)
FNDA:0,timeoutHandler
FNDA:0,messageHandler
FNDA:0,logging
FNDA:0,log
FNDA:0,logGroup
FNDA:1,get
FNDA:1,get
FNDA:0,get
FNDA:0,get
FNDA:1,(anonymous_37)
FNDA:1,(anonymous_38)
FNDA:1,UMD
FNDA:0,$AMD$
FNDA:1,DEF
FNDA:0,timer
FNDA:6,builtInProp
FNDA:0,builtInProp
FNDA:1,Queue
FNDA:0,Item
FNDA:0,add
FNDA:0,drain
FNDA:0,schedule
FNDA:0,isThenable
FNDA:0,notify
FNDA:0,notifyIsolated
FNDA:0,resolve
FNDA:0,(anonymous_54)
FNDA:0,$resolve$
FNDA:0,$reject$
FNDA:0,reject
FNDA:0,iteratePromises
FNDA:0,IIFE
FNDA:0,$resolver$
FNDA:0,MakeDefWrapper
FNDA:0,MakeDef
FNDA:0,Promise
FNDA:0,then
FNDA:0,extractChain
FNDA:0,$catch$
FNDA:0,publicResolve
FNDA:0,publicReject
FNDA:0,Promise$resolve
FNDA:0,executor
FNDA:0,Promise$reject
FNDA:0,executor
FNDA:0,Promise$all
FNDA:0,executor
FNDA:0,resolver
FNDA:0,Promise$race
FNDA:0,executor
FNDA:0,resolver
FNDA:1,(anonymous_79)
FNDA:1,(anonymous_80)
FNDA:0,(anonymous_81)
FNDA:0,(anonymous_82)
FNDA:0,(anonymous_83)
FNDA:0,Timeout
FNDA:0,(anonymous_85)
FNDA:0,(anonymous_86)
FNDA:0,(anonymous_87)
FNDA:0,(anonymous_88)
FNDA:0,(anonymous_89)
FNDA:0,onTimeout
FNDA:1,(anonymous_91)
FNDA:1,(anonymous_92)
FNDA:1,(anonymous_93)
FNDA:0,setImmediate
FNDA:0,clearImmediate
FNDA:0,run
FNDA:0,runIfPresent
FNDA:0,installNextTickImplementation
FNDA:0,(anonymous_99)
FNDA:0,(anonymous_100)
FNDA:1,canUsePostMessage
FNDA:0,(anonymous_102)
FNDA:1,installPostMessageImplementation
FNDA:1,(anonymous_104)
FNDA:0,(anonymous_105)
FNDA:0,installMessageChannelImplementation
FNDA:0,(anonymous_107)
FNDA:0,(anonymous_108)
FNDA:0,installReadyStateChangeImplementation
FNDA:0,(anonymous_110)
FNDA:0,(anonymous_111)
FNDA:0,installSetTimeoutImplementation
FNDA:0,(anonymous_113)
FNDA:1,(anonymous_114)
FNDA:1,(anonymous_115)
FNDA:0,defaultSetTimout
FNDA:0,defaultClearTimeout
FNDA:1,(anonymous_118)
FNDA:0,runTimeout
FNDA:0,runClearTimeout
FNDA:0,cleanUpNextTick
FNDA:0,drainQueue
FNDA:0,(anonymous_123)
FNDA:0,Item
FNDA:0,(anonymous_125)
FNDA:0,noop
FNDA:0,(anonymous_127)
FNDA:0,(anonymous_128)
FNDA:0,(anonymous_129)
FNDA:0,(anonymous_130)
DA:1,1
DA:2,1
DA:3,0
DA:4,1
DA:5,0
DA:6,1
DA:7,0
DA:9,1
DA:11,1
DA:13,1
DA:16,1
DA:19,5
DA:20,0
DA:23,5
DA:30,5
DA:33,5
DA:36,5
DA:41,1
DA:44,1
DA:47,1
DA:50,1
DA:59,1
DA:63,20
DA:65,2
DA:101,1
DA:103,1
DA:105,1
DA:109,1
DA:113,1
DA:120,1
DA:121,2
DA:123,2
DA:133,1
DA:136,2
DA:138,2
DA:139,2
DA:140,2
DA:141,2
DA:142,2
DA:143,2
DA:144,2
DA:145,0
DA:147,2
DA:148,0
DA:163,0
DA:182,0
DA:183,0
DA:197,0
DA:208,0
DA:219,0
DA:221,0
DA:222,0
DA:234,0
DA:236,0
DA:237,0
DA:249,0
DA:265,0
DA:284,0
DA:307,0
DA:308,0
DA:310,0
DA:312,0
DA:313,0
DA:314,0
DA:316,0
DA:317,0
DA:318,0
DA:319,0
DA:323,0
DA:333,0
DA:334,0
DA:335,0
DA:347,0
DA:349,0
DA:350,0
DA:353,0
DA:354,0
DA:355,0
DA:356,0
DA:376,0
DA:377,0
DA:379,0
DA:380,0
DA:381,0
DA:383,0
DA:385,0
DA:387,0
DA:388,0
DA:391,0
DA:392,0
DA:393,0
DA:394,0
DA:395,0
DA:396,0
DA:397,0
DA:398,0
DA:399,0
DA:400,0
DA:401,0
DA:402,0
DA:403,0
DA:405,0
DA:407,0
DA:411,0
DA:413,0
DA:415,0
DA:416,0
DA:417,0
DA:418,0
DA:419,0
DA:420,0
DA:423,0
DA:437,0
DA:450,0
DA:451,0
DA:453,0
DA:454,0
DA:455,0
DA:457,0
DA:460,0
DA:461,0
DA:463,0
DA:477,0
DA:479,0
DA:480,0
DA:481,0
DA:483,0
DA:484,0
DA:486,0
DA:487,0
DA:493,1
DA:504,1
DA:515,0
DA:526,0
DA:530,1
DA:533,1
DA:534,1
DA:540,1
DA:545,1
DA:547,1
DA:548,1
DA:549,0
DA:554,1
DA:557,0
DA:562,1
DA:563,1
DA:564,1
DA:565,6
DA:573,0
DA:574,0
DA:575,0
DA:580,1
DA:581,1
DA:583,1
DA:584,0
DA:585,0
DA:586,0
DA:589,1
DA:591,0
DA:592,0
DA:593,0
DA:596,0
DA:598,0
DA:599,0
DA:602,0
DA:603,0
DA:605,0
DA:606,0
DA:607,0
DA:613,1
DA:614,0
DA:615,0
DA:616,0
DA:621,1
DA:622,0
DA:624,0
DA:629,0
DA:631,0
DA:634,1
DA:635,0
DA:636,0
DA:642,0
DA:648,1
DA:649,0
DA:650,0
DA:651,0
DA:652,0
DA:655,0
DA:656,0
DA:659,0
DA:662,0
DA:663,0
DA:665,0
DA:666,0
DA:669,0
DA:674,0
DA:678,1
DA:679,0
DA:682,0
DA:684,0
DA:687,0
DA:688,0
DA:691,0
DA:692,0
DA:693,0
DA:694,0
DA:695,0
DA:696,0
DA:697,0
DA:698,0
DA:702,0
DA:707,0
DA:708,0
DA:709,0
DA:710,0
DA:715,0
DA:719,1
DA:720,0
DA:723,0
DA:725,0
DA:728,0
DA:729,0
DA:732,0
DA:733,0
DA:734,0
DA:735,0
DA:739,1
DA:740,0
DA:741,0
DA:742,0
DA:745,0
DA:753,1
DA:754,0
DA:755,0
DA:758,1
DA:759,0
DA:760,0
DA:761,0
DA:762,0
DA:763,0
DA:766,1
DA:767,0
DA:768,0
DA:771,0
DA:772,0
DA:777,0
DA:779,0
DA:781,0
DA:782,0
DA:789,0
DA:790,0
DA:791,0
DA:794,0
DA:795,0
DA:797,0
DA:799,0
DA:800,0
DA:803,0
DA:805,0
DA:806,0
DA:809,0
DA:810,0
DA:813,0
DA:816,0
DA:821,0
DA:825,1
DA:830,1
DA:833,1
DA:837,1
DA:838,0
DA:842,0
DA:843,0
DA:846,0
DA:847,0
DA:848,0
DA:851,0
DA:855,1
DA:856,0
DA:857,0
DA:858,0
DA:861,0
DA:865,1
DA:866,0
DA:869,0
DA:870,0
DA:872,0
DA:873,0
DA:876,0
DA:877,0
DA:878,0
DA:881,0
DA:883,0
DA:884,0
DA:885,0
DA:886,0
DA:892,1
DA:893,0
DA:896,0
DA:897,0
DA:900,0
DA:901,0
DA:902,0
DA:905,0
DA:906,0
DA:911,1
DA:914,1
DA:920,1
DA:924,1
DA:925,0
DA:927,1
DA:928,0
DA:930,1
DA:932,0
DA:933,0
DA:937,1
DA:938,0
DA:939,0
DA:941,1
DA:942,1
DA:943,0
DA:947,1
DA:948,0
DA:949,0
DA:952,1
DA:953,0
DA:954,0
DA:957,1
DA:958,0
DA:960,0
DA:961,0
DA:962,0
DA:963,0
DA:964,0
DA:970,1
DA:971,1
DA:972,1
DA:979,1
DA:982,1
DA:983,0
DA:986,1
DA:987,1
DA:988,1
DA:989,1
DA:990,1
DA:992,1
DA:994,0
DA:995,0
DA:998,0
DA:999,0
DA:1000,0
DA:1003,0
DA:1004,0
DA:1005,0
DA:1006,0
DA:1009,1
DA:1010,0
DA:1013,1
DA:1014,0
DA:1015,0
DA:1016,0
DA:1018,0
DA:1019,0
DA:1021,0
DA:1022,0
DA:1024,0
DA:1025,0
DA:1027,0
DA:1028,0
DA:1030,0
DA:1031,0
DA:1035,1
DA:1038,0
DA:1041,0
DA:1043,0
DA:1044,0
DA:1045,0
DA:1046,0
DA:1047,0
DA:1049,0
DA:1050,0
DA:1056,1
DA:1057,0
DA:1058,0
DA:1062,1
DA:1065,1
DA:1066,1
DA:1067,1
DA:1068,1
DA:1069,0
DA:1071,1
DA:1072,1
DA:1073,1
DA:1077,1
DA:1082,1
DA:1083,1
DA:1084,1
DA:1087,0
DA:1091,1
DA:1092,1
DA:1094,0
DA:1097,1
DA:1098,0
DA:1102,1
DA:1103,0
DA:1104,0
DA:1105,0
DA:1106,0
DA:1109,0
DA:1110,0
DA:1114,1
DA:1115,0
DA:1116,0
DA:1119,0
DA:1120,0
DA:1121,0
DA:1122,0
DA:1123,0
DA:1124,0
DA:1126,0
DA:1130,1
DA:1131,0
DA:1132,0
DA:1137,1
DA:1138,1
DA:1141,1
DA:1143,0
DA:1145,1
DA:1147,1
DA:1149,0
DA:1151,0
DA:1153,0
DA:1155,0
DA:1159,0
DA:1162,1
DA:1163,1
DA:1166,1
DA:1173,1
DA:1180,1
DA:1181,1
DA:1183,1
DA:1184,0
DA:1186,1
DA:1187,0
DA:1189,1
DA:1190,1
DA:1191,1
DA:1192,1
DA:1194,0
DA:1197,0
DA:1199,1
DA:1200,1
DA:1201,1
DA:1203,0
DA:1206,0
DA:1209,1
DA:1210,0
DA:1212,0
DA:1215,0
DA:1216,0
DA:1217,0
DA:1219,0
DA:1221,0
DA:1223,0
DA:1225,0
DA:1228,0
DA:1234,1
DA:1235,0
DA:1237,0
DA:1240,0
DA:1241,0
DA:1242,0
DA:1244,0
DA:1246,0
DA:1248,0
DA:1250,0
DA:1254,0
DA:1261,1
DA:1262,1
DA:1263,1
DA:1264,1
DA:1266,1
DA:1267,0
DA:1268,0
DA:1270,0
DA:1271,0
DA:1272,0
DA:1274,0
DA:1276,0
DA:1277,0
DA:1281,1
DA:1282,0
DA:1283,0
DA:1285,0
DA:1286,0
DA:1288,0
DA:1289,0
DA:1290,0
DA:1291,0
DA:1292,0
DA:1293,0
DA:1294,0
DA:1297,0
DA:1298,0
DA:1300,0
DA:1301,0
DA:1302,0
DA:1305,1
DA:1306,0
DA:1307,0
DA:1308,0
DA:1309,0
DA:1312,0
DA:1313,0
DA:1314,0
DA:1319,1
DA:1320,0
DA:1321,0
DA:1323,1
DA:1324,0
DA:1326,1
DA:1327,1
DA:1328,1
DA:1329,1
DA:1330,1
DA:1331,1
DA:1333,1
DA:1335,1
DA:1336,1
DA:1337,1
DA:1338,1
DA:1339,1
DA:1340,1
DA:1341,1
DA:1343,1
DA:1344,0
DA:1347,1
DA:1348,1
DA:1349,0
DA:1351,1
LF:539
LH:167
BRDA:2,1,0,0
BRDA:2,1,1,1
BRDA:2,2,0,1
BRDA:2,2,1,0
BRDA:4,3,0,0
BRDA:4,3,1,1
BRDA:4,4,0,1
BRDA:4,4,1,0
BRDA:6,5,0,0
BRDA:6,5,1,1
BRDA:9,6,0,1
BRDA:9,6,1,1
BRDA:19,7,0,0
BRDA:19,7,1,5
BRDA:63,8,0,20
BRDA:63,8,1,20
BRDA:63,9,0,16
BRDA:63,9,1,4
BRDA:63,10,0,1
BRDA:63,10,1,0
BRDA:63,11,0,0
BRDA:63,11,1,1
BRDA:65,12,0,0
BRDA:65,12,1,2
BRDA:307,13,0,0
BRDA:307,13,1,0
BRDA:307,14,0,0
BRDA:307,14,1,0
BRDA:308,15,0,0
BRDA:308,15,1,0
BRDA:308,16,0,0
BRDA:308,16,1,0
BRDA:316,17,0,0
BRDA:316,17,1,0
BRDA:353,18,0,0
BRDA:353,18,1,0
BRDA:379,19,0,0
BRDA:379,19,1,0
BRDA:383,20,0,0
BRDA:383,20,1,0
BRDA:383,21,0,0
BRDA:383,21,1,0
BRDA:391,22,0,0
BRDA:391,22,1,0
BRDA:392,23,0,0
BRDA:392,23,1,0
BRDA:393,24,0,0
BRDA:393,24,1,0
BRDA:394,25,0,0
BRDA:394,25,1,0
BRDA:398,26,0,0
BRDA:398,26,1,0
BRDA:398,27,0,0
BRDA:398,27,1,0
BRDA:400,28,0,0
BRDA:400,28,1,0
BRDA:402,29,0,0
BRDA:402,29,1,0
BRDA:411,30,0,0
BRDA:411,30,1,0
BRDA:411,31,0,0
BRDA:411,31,1,0
BRDA:415,32,0,0
BRDA:415,32,1,0
BRDA:418,33,0,0
BRDA:418,33,1,0
BRDA:419,34,0,0
BRDA:419,34,1,0
BRDA:450,35,0,0
BRDA:450,35,1,0
BRDA:450,36,0,0
BRDA:450,36,1,0
BRDA:451,37,0,0
BRDA:451,37,1,0
BRDA:451,38,0,0
BRDA:451,38,1,0
BRDA:453,39,0,0
BRDA:453,39,1,0
BRDA:454,40,0,0
BRDA:454,40,1,0
BRDA:477,41,0,0
BRDA:477,41,1,0
BRDA:477,42,0,0
BRDA:477,42,1,0
BRDA:479,43,0,0
BRDA:479,43,1,0
BRDA:547,44,0,1
BRDA:547,44,1,1
BRDA:548,45,0,1
BRDA:548,45,1,0
BRDA:548,46,0,1
BRDA:548,46,1,1
BRDA:549,47,0,0
BRDA:549,47,1,0
BRDA:549,48,0,0
BRDA:549,48,1,0
BRDA:550,49,0,1
BRDA:550,49,1,0
BRDA:556,50,0,1
BRDA:556,50,1,0
BRDA:592,51,0,0
BRDA:592,51,1,0
BRDA:615,52,0,0
BRDA:615,52,1,0
BRDA:624,53,0,0
BRDA:624,53,1,0
BRDA:624,54,0,0
BRDA:624,54,1,0
BRDA:624,54,2,0
BRDA:631,55,0,0
BRDA:631,55,1,0
BRDA:638,56,0,0
BRDA:638,56,1,0
BRDA:651,57,0,0
BRDA:651,57,1,0
BRDA:655,58,0,0
BRDA:655,58,1,0
BRDA:662,59,0,0
BRDA:662,59,1,0
BRDA:665,60,0,0
BRDA:665,60,1,0
BRDA:682,61,0,0
BRDA:682,61,1,0
BRDA:687,62,0,0
BRDA:687,62,1,0
BRDA:692,63,0,0
BRDA:692,63,1,0
BRDA:709,64,0,0
BRDA:709,64,1,0
BRDA:723,65,0,0
BRDA:723,65,1,0
BRDA:728,66,0,0
BRDA:728,66,1,0
BRDA:734,67,0,0
BRDA:734,67,1,0
BRDA:767,68,0,0
BRDA:767,68,1,0
BRDA:771,69,0,0
BRDA:771,69,1,0
BRDA:783,70,0,0
BRDA:783,70,1,0
BRDA:784,71,0,0
BRDA:784,71,1,0
BRDA:790,72,0,0
BRDA:790,72,1,0
BRDA:790,73,0,0
BRDA:790,73,1,0
BRDA:799,74,0,0
BRDA:799,74,1,0
BRDA:842,75,0,0
BRDA:842,75,1,0
BRDA:842,76,0,0
BRDA:842,76,1,0
BRDA:842,76,2,0
BRDA:847,77,0,0
BRDA:847,77,1,0
BRDA:847,78,0,0
BRDA:847,78,1,0
BRDA:857,79,0,0
BRDA:857,79,1,0
BRDA:857,80,0,0
BRDA:857,80,1,0
BRDA:869,81,0,0
BRDA:869,81,1,0
BRDA:872,82,0,0
BRDA:872,82,1,0
BRDA:877,83,0,0
BRDA:877,83,1,0
BRDA:877,84,0,0
BRDA:877,84,1,0
BRDA:885,85,0,0
BRDA:885,85,1,0
BRDA:896,86,0,0
BRDA:896,86,1,0
BRDA:901,87,0,0
BRDA:901,87,1,0
BRDA:901,88,0,0
BRDA:901,88,1,0
BRDA:932,89,0,0
BRDA:932,89,1,0
BRDA:961,90,0,0
BRDA:961,90,1,0
BRDA:963,91,0,0
BRDA:963,91,1,0
BRDA:982,92,0,0
BRDA:982,92,1,1
BRDA:994,93,0,0
BRDA:994,93,1,0
BRDA:1016,94,0,0
BRDA:1016,94,1,0
BRDA:1016,94,2,0
BRDA:1016,94,3,0
BRDA:1016,94,4,0
BRDA:1038,95,0,0
BRDA:1038,95,1,0
BRDA:1044,96,0,0
BRDA:1044,96,1,0
BRDA:1065,97,0,1
BRDA:1065,97,1,0
BRDA:1065,98,0,1
BRDA:1065,98,1,1
BRDA:1084,99,0,0
BRDA:1084,99,1,1
BRDA:1084,100,0,1
BRDA:1084,100,1,1
BRDA:1084,100,2,1
BRDA:1091,101,0,1
BRDA:1091,101,1,0
BRDA:1137,102,0,1
BRDA:1137,102,1,1
BRDA:1138,103,0,1
BRDA:1138,103,1,0
BRDA:1138,104,0,1
BRDA:1138,104,1,1
BRDA:1141,105,0,0
BRDA:1141,105,1,1
BRDA:1145,106,0,1
BRDA:1145,106,1,0
BRDA:1149,107,0,0
BRDA:1149,107,1,0
BRDA:1153,108,0,0
BRDA:1153,108,1,0
BRDA:1153,109,0,0
BRDA:1153,109,1,0
BRDA:1164,110,0,0
BRDA:1164,110,1,1
BRDA:1164,111,0,0
BRDA:1164,111,1,0
BRDA:1191,112,0,1
BRDA:1191,112,1,0
BRDA:1200,113,0,1
BRDA:1200,113,1,0
BRDA:1210,114,0,0
BRDA:1210,114,1,0
BRDA:1215,115,0,0
BRDA:1215,115,1,0
BRDA:1215,116,0,0
BRDA:1215,116,1,0
BRDA:1215,116,2,0
BRDA:1235,117,0,0
BRDA:1235,117,1,0
BRDA:1240,118,0,0
BRDA:1240,118,1,0
BRDA:1240,119,0,0
BRDA:1240,119,1,0
BRDA:1240,119,2,0
BRDA:1267,120,0,0
BRDA:1267,120,1,0
BRDA:1267,121,0,0
BRDA:1267,121,1,0
BRDA:1271,122,0,0
BRDA:1271,122,1,0
BRDA:1276,123,0,0
BRDA:1276,123,1,0
BRDA:1282,124,0,0
BRDA:1282,124,1,0
BRDA:1293,125,0,0
BRDA:1293,125,1,0
BRDA:1307,126,0,0
BRDA:1307,126,1,0
BRDA:1313,127,0,0
BRDA:1313,127,1,0
BRDA:1313,128,0,0
BRDA:1313,128,1,0
BRF:264
BRH:41
end_of_record
TN:
SF:/Users/dmcnelis/Development/wizehive/post-rpc/lib/PostRPC.Server.js
FN:1,webpackUniversalModuleDefinition
FN:10,(anonymous_2)
FN:11,(anonymous_3)
FN:16,__webpack_require__
FN:55,(anonymous_5)
FN:63,(anonymous_6)
FN:63,(anonymous_7)
FN:65,(anonymous_8)
FN:65,defineProperties
FN:65,(anonymous_10)
FN:67,_toConsumableArray
FN:69,_classCallCheck
FN:130,(anonymous_13)
FN:137,PostRPCServer
FN:152,init
FN:159,(anonymous_16)
FN:174,post
FN:195,register
FN:214,unregister
FN:230,isValid
FN:245,isMethodFound
FN:259,parseErrorResponse
FN:278,invalidRequestResponse
FN:297,methodNotFoundResponse
FN:316,invalidParamsResponse
FN:335,internalErrorResponse
FN:354,invalidReturnResponse
FN:373,success
FN:388,failure
FN:418,event
FN:436,publish
FN:455,start
FN:458,(anonymous_33)
FN:470,stop
FN:473,(anonymous_35)
FN:487,mapParams
FN:512,messageHandler
FN:548,(anonymous_38)
FN:551,(anonymous_39)
FN:586,logging
FN:599,log
FN:621,logGroup
FN:643,logRegistered
FN:651,(anonymous_44)
FN:654,(anonymous_45)
FN:708,get
FN:719,get
FN:730,get
FNF:48
FNH:30
FNDA:1,webpackUniversalModuleDefinition
FNDA:1,(anonymous_2)
FNDA:1,(anonymous_3)
FNDA:1,__webpack_require__
FNDA:1,(anonymous_5)
FNDA:0,(anonymous_6)
FNDA:0,(anonymous_7)
FNDA:1,(anonymous_8)
FNDA:1,defineProperties
FNDA:1,(anonymous_10)
FNDA:0,_toConsumableArray
FNDA:1,_classCallCheck
FNDA:1,(anonymous_13)
FNDA:1,PostRPCServer
FNDA:19,init
FNDA:0,(anonymous_16)
FNDA:0,post
FNDA:3,register
FNDA:1,unregister
FNDA:4,isValid
FNDA:2,isMethodFound
FNDA:1,parseErrorResponse
FNDA:1,invalidRequestResponse
FNDA:1,methodNotFoundResponse
FNDA:1,invalidParamsResponse
FNDA:1,internalErrorResponse
FNDA:0,invalidReturnResponse
FNDA:1,success
FNDA:1,failure
FNDA:2,event
FNDA:1,publish
FNDA:0,start
FNDA:0,(anonymous_33)
FNDA:0,stop
FNDA:0,(anonymous_35)
FNDA:0,mapParams
FNDA:0,messageHandler
FNDA:0,(anonymous_38)
FNDA:0,(anonymous_39)
FNDA:0,logging
FNDA:1,log
FNDA:3,logGroup
FNDA:0,logRegistered
FNDA:0,(anonymous_44)
FNDA:0,(anonymous_45)
FNDA:1,get
FNDA:1,get
FNDA:2,get
DA:1,1
DA:2,1
DA:3,0
DA:4,1
DA:5,0
DA:6,1
DA:7,0
DA:9,1
DA:11,1
DA:13,1
DA:16,1
DA:19,1
DA:20,0
DA:23,1
DA:30,1
DA:33,1
DA:36,1
DA:41,1
DA:44,1
DA:47,1
DA:50,1
DA:59,1
DA:63,1
DA:65,27
DA:67,1
DA:69,1
DA:100,1
DA:102,1
DA:106,1
DA:110,1
DA:114,1
DA:118,1
DA:122,1
DA:126,1
DA:128,1
DA:130,1
DA:137,1
DA:138,1
DA:140,1
DA:150,1
DA:153,19
DA:155,19
DA:156,19
DA:157,19
DA:158,19
DA:159,19
DA:160,0
DA:175,0
DA:196,3
DA:197,3
DA:203,3
DA:215,1
DA:216,1
DA:217,1
DA:219,0
DA:231,4
DA:232,3
DA:234,1
DA:246,2
DA:247,1
DA:249,1
DA:260,1
DA:279,1
DA:298,1
DA:317,1
DA:336,1
DA:355,0
DA:374,1
DA:389,1
DA:390,1
DA:400,0
DA:419,2
DA:437,1
DA:439,1
DA:440,1
DA:442,1
DA:444,1
DA:445,1
DA:456,0
DA:458,0
DA:459,0
DA:471,0
DA:473,0
DA:474,0
DA:488,0
DA:489,0
DA:490,0
DA:491,0
DA:492,0
DA:493,0
DA:495,0
DA:496,0
DA:497,0
DA:501,0
DA:521,0
DA:522,0
DA:524,0
DA:526,0
DA:527,0
DA:528,0
DA:530,0
DA:531,0
DA:534,0
DA:535,0
DA:536,0
DA:537,0
DA:538,0
DA:539,0
DA:541,0
DA:542,0
DA:543,0
DA:545,0
DA:546,0
DA:547,0
DA:548,0
DA:549,0
DA:550,0
DA:552,0
DA:553,0
DA:555,0
DA:556,0
DA:557,0
DA:558,0
DA:559,0
DA:561,0
DA:562,0
DA:563,0
DA:564,0
DA:567,0
DA:568,0
DA:569,0
DA:574,0
DA:587,0
DA:600,1
DA:602,1
DA:603,0
DA:605,0
DA:606,0
DA:608,0
DA:622,3
DA:624,3
DA:625,0
DA:626,0
DA:628,0
DA:629,0
DA:631,0
DA:632,0
DA:644,0
DA:646,0
DA:647,0
DA:648,0
DA:650,0
DA:651,0
DA:652,0
DA:654,0
DA:655,0
DA:656,0
DA:658,0
DA:659,0
DA:661,0
DA:663,0
DA:665,0
DA:666,0
DA:667,0
DA:668,0
DA:669,0
DA:671,0
DA:672,0
DA:673,0
DA:683,0
DA:684,0
DA:685,0
DA:686,0
DA:687,0
DA:690,0
DA:691,0
DA:692,0
DA:693,0
DA:695,0
DA:696,0
DA:697,0
DA:699,0
DA:702,0
DA:703,0
DA:709,1
DA:720,1
DA:731,2
DA:735,1
DA:738,1
DA:739,1
LF:190
LH:79
BRDA:2,1,0,0
BRDA:2,1,1,1
BRDA:2,2,0,1
BRDA:2,2,1,0
BRDA:4,3,0,0
BRDA:4,3,1,1
BRDA:4,4,0,1
BRDA:4,4,1,0
BRDA:6,5,0,0
BRDA:6,5,1,1
BRDA:9,6,0,1
BRDA:9,6,1,0
BRDA:19,7,0,0
BRDA:19,7,1,1
BRDA:63,8,0,0
BRDA:63,8,1,1
BRDA:63,9,0,1
BRDA:63,9,1,0
BRDA:63,10,0,0
BRDA:63,10,1,0
BRDA:63,11,0,0
BRDA:63,11,1,0
BRDA:63,11,2,0
BRDA:63,11,3,0
BRDA:65,12,0,27
BRDA:65,12,1,27
BRDA:65,13,0,24
BRDA:65,13,1,3
BRDA:65,14,0,1
BRDA:65,14,1,0
BRDA:65,15,0,0
BRDA:65,15,1,1
BRDA:67,16,0,0
BRDA:67,16,1,0
BRDA:69,17,0,0
BRDA:69,17,1,1
BRDA:215,18,0,1
BRDA:215,18,1,0
BRDA:231,19,0,3
BRDA:231,19,1,1
BRDA:231,20,0,4
BRDA:231,20,1,3
BRDA:231,20,2,2
BRDA:231,20,3,2
BRDA:231,20,4,2
BRDA:246,21,0,1
BRDA:246,21,1,1
BRDA:389,22,0,1
BRDA:389,22,1,0
BRDA:389,23,0,1
BRDA:389,23,1,1
BRDA:491,24,0,0
BRDA:491,24,1,0
BRDA:492,25,0,0
BRDA:492,25,1,0
BRDA:495,26,0,0
BRDA:495,26,1,0
BRDA:495,27,0,0
BRDA:495,27,1,0
BRDA:495,28,0,0
BRDA:495,28,1,0
BRDA:496,29,0,0
BRDA:496,29,1,0
BRDA:524,30,0,0
BRDA:524,30,1,0
BRDA:528,31,0,0
BRDA:528,31,1,0
BRDA:537,32,0,0
BRDA:537,32,1,0
BRDA:545,33,0,0
BRDA:545,33,1,0
BRDA:545,34,0,0
BRDA:545,34,1,0
BRDA:545,35,0,0
BRDA:545,35,1,0
BRDA:555,36,0,0
BRDA:555,36,1,0
BRDA:555,37,0,0
BRDA:555,37,1,0
BRDA:562,38,0,0
BRDA:562,38,1,0
BRDA:600,39,0,0
BRDA:600,39,1,1
BRDA:600,40,0,1
BRDA:600,40,1,0
BRDA:602,41,0,0
BRDA:602,41,1,1
BRDA:622,42,0,0
BRDA:622,42,1,3
BRDA:622,43,0,3
BRDA:622,43,1,0
BRDA:624,44,0,0
BRDA:624,44,1,3
BRDA:644,45,0,0
BRDA:644,45,1,0
BRDA:644,46,0,0
BRDA:644,46,1,0
BRDA:646,47,0,0
BRDA:646,47,1,0
BRDA:655,48,0,0
BRDA:655,48,1,0
BRDA:658,49,0,0
BRDA:658,49,1,0
BRF:103
BRH:35
end_of_record
