TN:
SF:/Users/dmcnelis/Development/wizehive/post-rpc/lib/PostRPC.Client.js
FN:1,webpackUniversalModuleDefinition
FN:10,(anonymous_2)
FN:11,(anonymous_3)
FN:16,__webpack_require__
FN:55,(anonymous_5)
FN:63,(anonymous_6)
FN:63,defineProperties
FN:63,(anonymous_8)
FN:65,_classCallCheck
FN:113,(anonymous_10)
FN:120,PostRPCClient
FN:135,init
FN:144,(anonymous_13)
FN:147,(anonymous_14)
FN:167,subscribe
FN:182,unsubscribe
FN:193,nextID
FN:204,start
FN:207,(anonymous_19)
FN:219,stop
FN:222,(anonymous_21)
FN:234,request
FN:250,timeoutResponse
FN:269,internalErrorResponse
FN:292,call
FN:303,(anonymous_26)
FN:332,timeoutHandler
FN:355,messageHandler
FN:422,logging
FN:435,log
FN:448,get
FN:459,get
FN:470,get
FN:481,get
FN:494,(anonymous_35)
FN:496,(anonymous_36)
FN:501,UMD
FN:505,$AMD$
FN:506,DEF
FN:513,timer
FN:520,builtInProp
FN:529,builtInProp
FN:536,Queue
FN:539,Item
FN:546,add
FN:557,drain
FN:569,schedule
FN:577,isThenable
FN:590,notify
FN:604,notifyIsolated
FN:634,resolve
FN:649,(anonymous_52)
FN:653,$resolve$
FN:654,$reject$
FN:675,reject
FN:695,iteratePromises
FN:697,IIFE
FN:700,$resolver$
FN:709,MakeDefWrapper
FN:714,MakeDef
FN:722,Promise
FN:737,then
FN:745,extractChain
FN:761,$catch$
FN:768,publicResolve
FN:771,publicReject
FN:793,Promise$resolve
FN:802,executor
FN:811,Promise$reject
FN:812,executor
FN:821,Promise$all
FN:832,executor
FN:839,resolver
FN:848,Promise$race
FN:856,executor
FN:861,resolver
FN:870,(anonymous_77)
FN:874,(anonymous_78)
FN:880,(anonymous_79)
FN:883,(anonymous_80)
FN:887,(anonymous_81)
FN:893,Timeout
FN:897,(anonymous_83)
FN:898,(anonymous_84)
FN:903,(anonymous_85)
FN:908,(anonymous_86)
FN:913,(anonymous_87)
FN:918,onTimeout
FN:933,(anonymous_89)
FN:935,(anonymous_90)
FN:935,(anonymous_91)
FN:948,setImmediate
FN:965,clearImmediate
FN:969,run
FN:991,runIfPresent
FN:1012,installNextTickImplementation
FN:1013,(anonymous_97)
FN:1014,(anonymous_98)
FN:1018,canUsePostMessage
FN:1024,(anonymous_100)
FN:1033,installPostMessageImplementation
FN:1039,(anonymous_102)
FN:1053,(anonymous_103)
FN:1058,installMessageChannelImplementation
FN:1060,(anonymous_105)
FN:1065,(anonymous_106)
FN:1070,installReadyStateChangeImplementation
FN:1072,(anonymous_108)
FN:1076,(anonymous_109)
FN:1086,installSetTimeoutImplementation
FN:1087,(anonymous_111)
FN:1122,(anonymous_112)
FN:1126,(anonymous_113)
FN:1139,defaultSetTimout
FN:1142,defaultClearTimeout
FN:1145,(anonymous_116)
FN:1165,runTimeout
FN:1190,runClearTimeout
FN:1222,cleanUpNextTick
FN:1237,drainQueue
FN:1261,(anonymous_121)
FN:1275,Item
FN:1279,(anonymous_123)
FN:1289,noop
FN:1299,(anonymous_125)
FN:1303,(anonymous_126)
FN:1304,(anonymous_127)
FN:1307,(anonymous_128)
FNF:128
FNH:31
FNDA:1,webpackUniversalModuleDefinition
FNDA:1,(anonymous_2)
FNDA:1,(anonymous_3)
FNDA:5,__webpack_require__
FNDA:1,(anonymous_5)
FNDA:1,(anonymous_6)
FNDA:1,defineProperties
FNDA:1,(anonymous_8)
FNDA:1,_classCallCheck
FNDA:1,(anonymous_10)
FNDA:1,PostRPCClient
FNDA:1,init
FNDA:0,(anonymous_13)
FNDA:0,(anonymous_14)
FNDA:0,subscribe
FNDA:0,unsubscribe
FNDA:0,nextID
FNDA:0,start
FNDA:0,(anonymous_19)
FNDA:0,stop
FNDA:0,(anonymous_21)
FNDA:0,request
FNDA:0,timeoutResponse
FNDA:0,internalErrorResponse
FNDA:0,call
FNDA:0,(anonymous_26)
FNDA:0,timeoutHandler
FNDA:0,messageHandler
FNDA:0,logging
FNDA:0,log
FNDA:1,get
FNDA:1,get
FNDA:0,get
FNDA:0,get
FNDA:1,(anonymous_35)
FNDA:1,(anonymous_36)
FNDA:1,UMD
FNDA:0,$AMD$
FNDA:1,DEF
FNDA:0,timer
FNDA:6,builtInProp
FNDA:0,builtInProp
FNDA:1,Queue
FNDA:0,Item
FNDA:0,add
FNDA:0,drain
FNDA:0,schedule
FNDA:0,isThenable
FNDA:0,notify
FNDA:0,notifyIsolated
FNDA:0,resolve
FNDA:0,(anonymous_52)
FNDA:0,$resolve$
FNDA:0,$reject$
FNDA:0,reject
FNDA:0,iteratePromises
FNDA:0,IIFE
FNDA:0,$resolver$
FNDA:0,MakeDefWrapper
FNDA:0,MakeDef
FNDA:0,Promise
FNDA:0,then
FNDA:0,extractChain
FNDA:0,$catch$
FNDA:0,publicResolve
FNDA:0,publicReject
FNDA:0,Promise$resolve
FNDA:0,executor
FNDA:0,Promise$reject
FNDA:0,executor
FNDA:0,Promise$all
FNDA:0,executor
FNDA:0,resolver
FNDA:0,Promise$race
FNDA:0,executor
FNDA:0,resolver
FNDA:1,(anonymous_77)
FNDA:1,(anonymous_78)
FNDA:0,(anonymous_79)
FNDA:0,(anonymous_80)
FNDA:0,(anonymous_81)
FNDA:0,Timeout
FNDA:0,(anonymous_83)
FNDA:0,(anonymous_84)
FNDA:0,(anonymous_85)
FNDA:0,(anonymous_86)
FNDA:0,(anonymous_87)
FNDA:0,onTimeout
FNDA:1,(anonymous_89)
FNDA:1,(anonymous_90)
FNDA:1,(anonymous_91)
FNDA:0,setImmediate
FNDA:0,clearImmediate
FNDA:0,run
FNDA:0,runIfPresent
FNDA:0,installNextTickImplementation
FNDA:0,(anonymous_97)
FNDA:0,(anonymous_98)
FNDA:1,canUsePostMessage
FNDA:0,(anonymous_100)
FNDA:1,installPostMessageImplementation
FNDA:1,(anonymous_102)
FNDA:0,(anonymous_103)
FNDA:0,installMessageChannelImplementation
FNDA:0,(anonymous_105)
FNDA:0,(anonymous_106)
FNDA:0,installReadyStateChangeImplementation
FNDA:0,(anonymous_108)
FNDA:0,(anonymous_109)
FNDA:0,installSetTimeoutImplementation
FNDA:0,(anonymous_111)
FNDA:1,(anonymous_112)
FNDA:1,(anonymous_113)
FNDA:0,defaultSetTimout
FNDA:0,defaultClearTimeout
FNDA:1,(anonymous_116)
FNDA:0,runTimeout
FNDA:0,runClearTimeout
FNDA:0,cleanUpNextTick
FNDA:0,drainQueue
FNDA:0,(anonymous_121)
FNDA:0,Item
FNDA:0,(anonymous_123)
FNDA:0,noop
FNDA:0,(anonymous_125)
FNDA:0,(anonymous_126)
FNDA:0,(anonymous_127)
FNDA:0,(anonymous_128)
DA:1,1
DA:2,1
DA:3,0
DA:4,1
DA:5,0
DA:6,1
DA:7,0
DA:9,1
DA:11,1
DA:13,1
DA:16,1
DA:19,5
DA:20,0
DA:23,5
DA:30,5
DA:33,5
DA:36,5
DA:41,1
DA:44,1
DA:47,1
DA:50,1
DA:59,1
DA:63,18
DA:65,1
DA:101,1
DA:103,1
DA:105,1
DA:109,1
DA:113,1
DA:120,1
DA:121,1
DA:123,1
DA:133,1
DA:136,1
DA:138,1
DA:139,1
DA:140,1
DA:141,1
DA:142,1
DA:143,1
DA:144,1
DA:145,0
DA:147,1
DA:148,0
DA:168,0
DA:169,0
DA:183,0
DA:194,0
DA:205,0
DA:207,0
DA:208,0
DA:220,0
DA:222,0
DA:223,0
DA:235,0
DA:251,0
DA:270,0
DA:293,0
DA:294,0
DA:296,0
DA:298,0
DA:299,0
DA:300,0
DA:302,0
DA:303,0
DA:304,0
DA:305,0
DA:309,0
DA:319,0
DA:320,0
DA:321,0
DA:333,0
DA:335,0
DA:336,0
DA:339,0
DA:340,0
DA:341,0
DA:342,0
DA:362,0
DA:363,0
DA:365,0
DA:366,0
DA:367,0
DA:369,0
DA:371,0
DA:373,0
DA:374,0
DA:377,0
DA:378,0
DA:379,0
DA:380,0
DA:381,0
DA:382,0
DA:383,0
DA:384,0
DA:385,0
DA:386,0
DA:387,0
DA:388,0
DA:389,0
DA:391,0
DA:393,0
DA:397,0
DA:399,0
DA:401,0
DA:402,0
DA:403,0
DA:404,0
DA:405,0
DA:406,0
DA:409,0
DA:423,0
DA:436,0
DA:438,0
DA:439,0
DA:440,0
DA:441,0
DA:443,0
DA:449,1
DA:460,1
DA:471,0
DA:482,0
DA:486,1
DA:489,1
DA:490,1
DA:496,1
DA:501,1
DA:503,1
DA:504,1
DA:505,0
DA:510,1
DA:513,0
DA:518,1
DA:519,1
DA:520,1
DA:521,6
DA:529,0
DA:530,0
DA:531,0
DA:536,1
DA:537,1
DA:539,1
DA:540,0
DA:541,0
DA:542,0
DA:545,1
DA:547,0
DA:548,0
DA:549,0
DA:552,0
DA:554,0
DA:555,0
DA:558,0
DA:559,0
DA:561,0
DA:562,0
DA:563,0
DA:569,1
DA:570,0
DA:571,0
DA:572,0
DA:577,1
DA:578,0
DA:580,0
DA:585,0
DA:587,0
DA:590,1
DA:591,0
DA:592,0
DA:598,0
DA:604,1
DA:605,0
DA:606,0
DA:607,0
DA:608,0
DA:611,0
DA:612,0
DA:615,0
DA:618,0
DA:619,0
DA:621,0
DA:622,0
DA:625,0
DA:630,0
DA:634,1
DA:635,0
DA:638,0
DA:640,0
DA:643,0
DA:644,0
DA:647,0
DA:648,0
DA:649,0
DA:650,0
DA:651,0
DA:652,0
DA:653,0
DA:654,0
DA:658,0
DA:663,0
DA:664,0
DA:665,0
DA:666,0
DA:671,0
DA:675,1
DA:676,0
DA:679,0
DA:681,0
DA:684,0
DA:685,0
DA:688,0
DA:689,0
DA:690,0
DA:691,0
DA:695,1
DA:696,0
DA:697,0
DA:698,0
DA:701,0
DA:709,1
DA:710,0
DA:711,0
DA:714,1
DA:715,0
DA:716,0
DA:717,0
DA:718,0
DA:719,0
DA:722,1
DA:723,0
DA:724,0
DA:727,0
DA:728,0
DA:733,0
DA:735,0
DA:737,0
DA:738,0
DA:745,0
DA:746,0
DA:747,0
DA:750,0
DA:751,0
DA:753,0
DA:755,0
DA:756,0
DA:759,0
DA:761,0
DA:762,0
DA:765,0
DA:766,0
DA:769,0
DA:772,0
DA:777,0
DA:781,1
DA:786,1
DA:789,1
DA:793,1
DA:794,0
DA:798,0
DA:799,0
DA:802,0
DA:803,0
DA:804,0
DA:807,0
DA:811,1
DA:812,0
DA:813,0
DA:814,0
DA:817,0
DA:821,1
DA:822,0
DA:825,0
DA:826,0
DA:828,0
DA:829,0
DA:832,0
DA:833,0
DA:834,0
DA:837,0
DA:839,0
DA:840,0
DA:841,0
DA:842,0
DA:848,1
DA:849,0
DA:852,0
DA:853,0
DA:856,0
DA:857,0
DA:858,0
DA:861,0
DA:862,0
DA:867,1
DA:870,1
DA:876,1
DA:880,1
DA:881,0
DA:883,1
DA:884,0
DA:886,1
DA:888,0
DA:889,0
DA:893,1
DA:894,0
DA:895,0
DA:897,1
DA:898,1
DA:899,0
DA:903,1
DA:904,0
DA:905,0
DA:908,1
DA:909,0
DA:910,0
DA:913,1
DA:914,0
DA:916,0
DA:917,0
DA:918,0
DA:919,0
DA:920,0
DA:926,1
DA:927,1
DA:928,1
DA:935,1
DA:938,1
DA:939,0
DA:942,1
DA:943,1
DA:944,1
DA:945,1
DA:946,1
DA:948,1
DA:950,0
DA:951,0
DA:954,0
DA:955,0
DA:956,0
DA:959,0
DA:960,0
DA:961,0
DA:962,0
DA:965,1
DA:966,0
DA:969,1
DA:970,0
DA:971,0
DA:972,0
DA:974,0
DA:975,0
DA:977,0
DA:978,0
DA:980,0
DA:981,0
DA:983,0
DA:984,0
DA:986,0
DA:987,0
DA:991,1
DA:994,0
DA:997,0
DA:999,0
DA:1000,0
DA:1001,0
DA:1002,0
DA:1003,0
DA:1005,0
DA:1006,0
DA:1012,1
DA:1013,0
DA:1014,0
DA:1018,1
DA:1021,1
DA:1022,1
DA:1023,1
DA:1024,1
DA:1025,0
DA:1027,1
DA:1028,1
DA:1029,1
DA:1033,1
DA:1038,1
DA:1039,1
DA:1040,1
DA:1043,0
DA:1047,1
DA:1048,1
DA:1050,0
DA:1053,1
DA:1054,0
DA:1058,1
DA:1059,0
DA:1060,0
DA:1061,0
DA:1062,0
DA:1065,0
DA:1066,0
DA:1070,1
DA:1071,0
DA:1072,0
DA:1075,0
DA:1076,0
DA:1077,0
DA:1078,0
DA:1079,0
DA:1080,0
DA:1082,0
DA:1086,1
DA:1087,0
DA:1088,0
DA:1093,1
DA:1094,1
DA:1097,1
DA:1099,0
DA:1101,1
DA:1103,1
DA:1105,0
DA:1107,0
DA:1109,0
DA:1111,0
DA:1115,0
DA:1118,1
DA:1119,1
DA:1122,1
DA:1129,1
DA:1136,1
DA:1137,1
DA:1139,1
DA:1140,0
DA:1142,1
DA:1143,0
DA:1145,1
DA:1146,1
DA:1147,1
DA:1148,1
DA:1150,0
DA:1153,0
DA:1155,1
DA:1156,1
DA:1157,1
DA:1159,0
DA:1162,0
DA:1165,1
DA:1166,0
DA:1168,0
DA:1171,0
DA:1172,0
DA:1173,0
DA:1175,0
DA:1177,0
DA:1179,0
DA:1181,0
DA:1184,0
DA:1190,1
DA:1191,0
DA:1193,0
DA:1196,0
DA:1197,0
DA:1198,0
DA:1200,0
DA:1202,0
DA:1204,0
DA:1206,0
DA:1210,0
DA:1217,1
DA:1218,1
DA:1219,1
DA:1220,1
DA:1222,1
DA:1223,0
DA:1224,0
DA:1226,0
DA:1227,0
DA:1228,0
DA:1230,0
DA:1232,0
DA:1233,0
DA:1237,1
DA:1238,0
DA:1239,0
DA:1241,0
DA:1242,0
DA:1244,0
DA:1245,0
DA:1246,0
DA:1247,0
DA:1248,0
DA:1249,0
DA:1250,0
DA:1253,0
DA:1254,0
DA:1256,0
DA:1257,0
DA:1258,0
DA:1261,1
DA:1262,0
DA:1263,0
DA:1264,0
DA:1265,0
DA:1268,0
DA:1269,0
DA:1270,0
DA:1275,1
DA:1276,0
DA:1277,0
DA:1279,1
DA:1280,0
DA:1282,1
DA:1283,1
DA:1284,1
DA:1285,1
DA:1286,1
DA:1287,1
DA:1289,1
DA:1291,1
DA:1292,1
DA:1293,1
DA:1294,1
DA:1295,1
DA:1296,1
DA:1297,1
DA:1299,1
DA:1300,0
DA:1303,1
DA:1304,1
DA:1305,0
DA:1307,1
LF:527
LH:167
BRDA:2,1,0,0
BRDA:2,1,1,1
BRDA:2,2,0,1
BRDA:2,2,1,0
BRDA:4,3,0,0
BRDA:4,3,1,1
BRDA:4,4,0,1
BRDA:4,4,1,0
BRDA:6,5,0,0
BRDA:6,5,1,1
BRDA:9,6,0,1
BRDA:9,6,1,1
BRDA:19,7,0,0
BRDA:19,7,1,5
BRDA:63,8,0,18
BRDA:63,8,1,18
BRDA:63,9,0,14
BRDA:63,9,1,4
BRDA:63,10,0,1
BRDA:63,10,1,0
BRDA:63,11,0,0
BRDA:63,11,1,1
BRDA:65,12,0,0
BRDA:65,12,1,1
BRDA:293,13,0,0
BRDA:293,13,1,0
BRDA:293,14,0,0
BRDA:293,14,1,0
BRDA:294,15,0,0
BRDA:294,15,1,0
BRDA:294,16,0,0
BRDA:294,16,1,0
BRDA:302,17,0,0
BRDA:302,17,1,0
BRDA:339,18,0,0
BRDA:339,18,1,0
BRDA:365,19,0,0
BRDA:365,19,1,0
BRDA:369,20,0,0
BRDA:369,20,1,0
BRDA:369,21,0,0
BRDA:369,21,1,0
BRDA:377,22,0,0
BRDA:377,22,1,0
BRDA:378,23,0,0
BRDA:378,23,1,0
BRDA:379,24,0,0
BRDA:379,24,1,0
BRDA:380,25,0,0
BRDA:380,25,1,0
BRDA:384,26,0,0
BRDA:384,26,1,0
BRDA:384,27,0,0
BRDA:384,27,1,0
BRDA:386,28,0,0
BRDA:386,28,1,0
BRDA:388,29,0,0
BRDA:388,29,1,0
BRDA:397,30,0,0
BRDA:397,30,1,0
BRDA:397,31,0,0
BRDA:397,31,1,0
BRDA:401,32,0,0
BRDA:401,32,1,0
BRDA:404,33,0,0
BRDA:404,33,1,0
BRDA:405,34,0,0
BRDA:405,34,1,0
BRDA:436,35,0,0
BRDA:436,35,1,0
BRDA:436,36,0,0
BRDA:436,36,1,0
BRDA:438,37,0,0
BRDA:438,37,1,0
BRDA:503,38,0,1
BRDA:503,38,1,1
BRDA:504,39,0,1
BRDA:504,39,1,0
BRDA:504,40,0,1
BRDA:504,40,1,1
BRDA:505,41,0,0
BRDA:505,41,1,0
BRDA:505,42,0,0
BRDA:505,42,1,0
BRDA:506,43,0,1
BRDA:506,43,1,0
BRDA:512,44,0,1
BRDA:512,44,1,0
BRDA:548,45,0,0
BRDA:548,45,1,0
BRDA:571,46,0,0
BRDA:571,46,1,0
BRDA:580,47,0,0
BRDA:580,47,1,0
BRDA:580,48,0,0
BRDA:580,48,1,0
BRDA:580,48,2,0
BRDA:587,49,0,0
BRDA:587,49,1,0
BRDA:594,50,0,0
BRDA:594,50,1,0
BRDA:607,51,0,0
BRDA:607,51,1,0
BRDA:611,52,0,0
BRDA:611,52,1,0
BRDA:618,53,0,0
BRDA:618,53,1,0
BRDA:621,54,0,0
BRDA:621,54,1,0
BRDA:638,55,0,0
BRDA:638,55,1,0
BRDA:643,56,0,0
BRDA:643,56,1,0
BRDA:648,57,0,0
BRDA:648,57,1,0
BRDA:665,58,0,0
BRDA:665,58,1,0
BRDA:679,59,0,0
BRDA:679,59,1,0
BRDA:684,60,0,0
BRDA:684,60,1,0
BRDA:690,61,0,0
BRDA:690,61,1,0
BRDA:723,62,0,0
BRDA:723,62,1,0
BRDA:727,63,0,0
BRDA:727,63,1,0
BRDA:739,64,0,0
BRDA:739,64,1,0
BRDA:740,65,0,0
BRDA:740,65,1,0
BRDA:746,66,0,0
BRDA:746,66,1,0
BRDA:746,67,0,0
BRDA:746,67,1,0
BRDA:755,68,0,0
BRDA:755,68,1,0
BRDA:798,69,0,0
BRDA:798,69,1,0
BRDA:798,70,0,0
BRDA:798,70,1,0
BRDA:798,70,2,0
BRDA:803,71,0,0
BRDA:803,71,1,0
BRDA:803,72,0,0
BRDA:803,72,1,0
BRDA:813,73,0,0
BRDA:813,73,1,0
BRDA:813,74,0,0
BRDA:813,74,1,0
BRDA:825,75,0,0
BRDA:825,75,1,0
BRDA:828,76,0,0
BRDA:828,76,1,0
BRDA:833,77,0,0
BRDA:833,77,1,0
BRDA:833,78,0,0
BRDA:833,78,1,0
BRDA:841,79,0,0
BRDA:841,79,1,0
BRDA:852,80,0,0
BRDA:852,80,1,0
BRDA:857,81,0,0
BRDA:857,81,1,0
BRDA:857,82,0,0
BRDA:857,82,1,0
BRDA:888,83,0,0
BRDA:888,83,1,0
BRDA:917,84,0,0
BRDA:917,84,1,0
BRDA:919,85,0,0
BRDA:919,85,1,0
BRDA:938,86,0,0
BRDA:938,86,1,1
BRDA:950,87,0,0
BRDA:950,87,1,0
BRDA:972,88,0,0
BRDA:972,88,1,0
BRDA:972,88,2,0
BRDA:972,88,3,0
BRDA:972,88,4,0
BRDA:994,89,0,0
BRDA:994,89,1,0
BRDA:1000,90,0,0
BRDA:1000,90,1,0
BRDA:1021,91,0,1
BRDA:1021,91,1,0
BRDA:1021,92,0,1
BRDA:1021,92,1,1
BRDA:1040,93,0,0
BRDA:1040,93,1,1
BRDA:1040,94,0,1
BRDA:1040,94,1,1
BRDA:1040,94,2,1
BRDA:1047,95,0,1
BRDA:1047,95,1,0
BRDA:1093,96,0,1
BRDA:1093,96,1,1
BRDA:1094,97,0,1
BRDA:1094,97,1,0
BRDA:1094,98,0,1
BRDA:1094,98,1,1
BRDA:1097,99,0,0
BRDA:1097,99,1,1
BRDA:1101,100,0,1
BRDA:1101,100,1,0
BRDA:1105,101,0,0
BRDA:1105,101,1,0
BRDA:1109,102,0,0
BRDA:1109,102,1,0
BRDA:1109,103,0,0
BRDA:1109,103,1,0
BRDA:1120,104,0,0
BRDA:1120,104,1,1
BRDA:1120,105,0,0
BRDA:1120,105,1,0
BRDA:1147,106,0,1
BRDA:1147,106,1,0
BRDA:1156,107,0,1
BRDA:1156,107,1,0
BRDA:1166,108,0,0
BRDA:1166,108,1,0
BRDA:1171,109,0,0
BRDA:1171,109,1,0
BRDA:1171,110,0,0
BRDA:1171,110,1,0
BRDA:1171,110,2,0
BRDA:1191,111,0,0
BRDA:1191,111,1,0
BRDA:1196,112,0,0
BRDA:1196,112,1,0
BRDA:1196,113,0,0
BRDA:1196,113,1,0
BRDA:1196,113,2,0
BRDA:1223,114,0,0
BRDA:1223,114,1,0
BRDA:1223,115,0,0
BRDA:1223,115,1,0
BRDA:1227,116,0,0
BRDA:1227,116,1,0
BRDA:1232,117,0,0
BRDA:1232,117,1,0
BRDA:1238,118,0,0
BRDA:1238,118,1,0
BRDA:1249,119,0,0
BRDA:1249,119,1,0
BRDA:1263,120,0,0
BRDA:1263,120,1,0
BRDA:1269,121,0,0
BRDA:1269,121,1,0
BRDA:1269,122,0,0
BRDA:1269,122,1,0
BRF:252
BRH:41
end_of_record
TN:
SF:/Users/dmcnelis/Development/wizehive/post-rpc/lib/PostRPC.Server.js
FN:1,webpackUniversalModuleDefinition
FN:10,(anonymous_2)
FN:11,(anonymous_3)
FN:16,__webpack_require__
FN:55,(anonymous_5)
FN:63,(anonymous_6)
FN:63,(anonymous_7)
FN:65,(anonymous_8)
FN:65,defineProperties
FN:65,(anonymous_10)
FN:67,_toConsumableArray
FN:69,_classCallCheck
FN:124,(anonymous_13)
FN:131,PostRPCServer
FN:146,init
FN:153,(anonymous_16)
FN:175,register
FN:194,unregister
FN:210,isValid
FN:225,isMethodFound
FN:239,parseErrorResponse
FN:258,invalidRequestResponse
FN:277,methodNotFoundResponse
FN:296,invalidParamsResponse
FN:315,internalErrorResponse
FN:334,success
FN:349,failure
FN:368,event
FN:386,publish
FN:405,start
FN:408,(anonymous_31)
FN:420,stop
FN:423,(anonymous_33)
FN:437,mapParams
FN:462,messageHandler
FN:517,logging
FN:530,log
FN:549,logRegistered
FN:557,(anonymous_39)
FN:560,(anonymous_40)
FN:614,get
FN:625,get
FN:636,get
FNF:43
FNH:25
FNDA:1,webpackUniversalModuleDefinition
FNDA:1,(anonymous_2)
FNDA:1,(anonymous_3)
FNDA:1,__webpack_require__
FNDA:1,(anonymous_5)
FNDA:0,(anonymous_6)
FNDA:0,(anonymous_7)
FNDA:1,(anonymous_8)
FNDA:1,defineProperties
FNDA:1,(anonymous_10)
FNDA:0,_toConsumableArray
FNDA:1,_classCallCheck
FNDA:1,(anonymous_13)
FNDA:1,PostRPCServer
FNDA:13,init
FNDA:0,(anonymous_16)
FNDA:3,register
FNDA:1,unregister
FNDA:4,isValid
FNDA:2,isMethodFound
FNDA:1,parseErrorResponse
FNDA:1,invalidRequestResponse
FNDA:1,methodNotFoundResponse
FNDA:1,invalidParamsResponse
FNDA:1,internalErrorResponse
FNDA:0,success
FNDA:0,failure
FNDA:0,event
FNDA:0,publish
FNDA:0,start
FNDA:0,(anonymous_31)
FNDA:0,stop
FNDA:0,(anonymous_33)
FNDA:0,mapParams
FNDA:0,messageHandler
FNDA:0,logging
FNDA:3,log
FNDA:0,logRegistered
FNDA:0,(anonymous_39)
FNDA:0,(anonymous_40)
FNDA:1,get
FNDA:1,get
FNDA:2,get
DA:1,1
DA:2,1
DA:3,0
DA:4,1
DA:5,0
DA:6,1
DA:7,0
DA:9,1
DA:11,1
DA:13,1
DA:16,1
DA:19,1
DA:20,0
DA:23,1
DA:30,1
DA:33,1
DA:36,1
DA:41,1
DA:44,1
DA:47,1
DA:50,1
DA:59,1
DA:63,1
DA:65,24
DA:67,1
DA:69,1
DA:100,1
DA:102,1
DA:106,1
DA:110,1
DA:114,1
DA:118,1
DA:122,1
DA:124,1
DA:131,1
DA:132,1
DA:134,1
DA:144,1
DA:147,13
DA:149,13
DA:150,13
DA:151,13
DA:152,13
DA:153,13
DA:154,0
DA:176,3
DA:177,3
DA:183,3
DA:195,1
DA:196,1
DA:197,1
DA:199,0
DA:211,4
DA:212,3
DA:214,1
DA:226,2
DA:227,1
DA:229,1
DA:240,1
DA:259,1
DA:278,1
DA:297,1
DA:316,1
DA:335,0
DA:350,0
DA:369,0
DA:387,0
DA:389,0
DA:390,0
DA:392,0
DA:394,0
DA:395,0
DA:406,0
DA:408,0
DA:409,0
DA:421,0
DA:423,0
DA:424,0
DA:438,0
DA:439,0
DA:440,0
DA:441,0
DA:442,0
DA:443,0
DA:445,0
DA:446,0
DA:447,0
DA:451,0
DA:471,0
DA:472,0
DA:474,0
DA:476,0
DA:477,0
DA:478,0
DA:480,0
DA:481,0
DA:484,0
DA:485,0
DA:486,0
DA:487,0
DA:488,0
DA:489,0
DA:491,0
DA:492,0
DA:493,0
DA:494,0
DA:495,0
DA:496,0
DA:498,0
DA:499,0
DA:500,0
DA:505,0
DA:518,0
DA:531,3
DA:533,3
DA:534,0
DA:535,0
DA:536,0
DA:538,0
DA:550,0
DA:552,0
DA:553,0
DA:554,0
DA:556,0
DA:557,0
DA:558,0
DA:560,0
DA:561,0
DA:562,0
DA:564,0
DA:565,0
DA:567,0
DA:569,0
DA:571,0
DA:572,0
DA:573,0
DA:574,0
DA:575,0
DA:577,0
DA:578,0
DA:579,0
DA:589,0
DA:590,0
DA:591,0
DA:592,0
DA:593,0
DA:596,0
DA:597,0
DA:598,0
DA:599,0
DA:601,0
DA:602,0
DA:603,0
DA:605,0
DA:608,0
DA:609,0
DA:615,1
DA:626,1
DA:637,2
DA:641,1
DA:644,1
DA:645,1
LF:162
LH:65
BRDA:2,1,0,0
BRDA:2,1,1,1
BRDA:2,2,0,1
BRDA:2,2,1,0
BRDA:4,3,0,0
BRDA:4,3,1,1
BRDA:4,4,0,1
BRDA:4,4,1,0
BRDA:6,5,0,0
BRDA:6,5,1,1
BRDA:9,6,0,1
BRDA:9,6,1,0
BRDA:19,7,0,0
BRDA:19,7,1,1
BRDA:63,8,0,0
BRDA:63,8,1,1
BRDA:63,9,0,1
BRDA:63,9,1,0
BRDA:63,10,0,0
BRDA:63,10,1,0
BRDA:63,11,0,0
BRDA:63,11,1,0
BRDA:63,11,2,0
BRDA:63,11,3,0
BRDA:65,12,0,24
BRDA:65,12,1,24
BRDA:65,13,0,21
BRDA:65,13,1,3
BRDA:65,14,0,1
BRDA:65,14,1,0
BRDA:65,15,0,0
BRDA:65,15,1,1
BRDA:67,16,0,0
BRDA:67,16,1,0
BRDA:69,17,0,0
BRDA:69,17,1,1
BRDA:195,18,0,1
BRDA:195,18,1,0
BRDA:211,19,0,3
BRDA:211,19,1,1
BRDA:211,20,0,4
BRDA:211,20,1,3
BRDA:211,20,2,2
BRDA:211,20,3,2
BRDA:211,20,4,2
BRDA:226,21,0,1
BRDA:226,21,1,1
BRDA:441,22,0,0
BRDA:441,22,1,0
BRDA:442,23,0,0
BRDA:442,23,1,0
BRDA:445,24,0,0
BRDA:445,24,1,0
BRDA:445,25,0,0
BRDA:445,25,1,0
BRDA:445,26,0,0
BRDA:445,26,1,0
BRDA:446,27,0,0
BRDA:446,27,1,0
BRDA:474,28,0,0
BRDA:474,28,1,0
BRDA:478,29,0,0
BRDA:478,29,1,0
BRDA:487,30,0,0
BRDA:487,30,1,0
BRDA:531,31,0,0
BRDA:531,31,1,3
BRDA:531,32,0,3
BRDA:531,32,1,0
BRDA:533,33,0,0
BRDA:533,33,1,3
BRDA:550,34,0,0
BRDA:550,34,1,0
BRDA:550,35,0,0
BRDA:550,35,1,0
BRDA:552,36,0,0
BRDA:552,36,1,0
BRDA:561,37,0,0
BRDA:561,37,1,0
BRDA:564,38,0,0
BRDA:564,38,1,0
BRF:81
BRH:29
end_of_record
